Build started 21/4/15 6:33:11 PM.
     1>Project "C:\Users\Henry\Desktop\RayTracer\RayTracer\RayTracer.vcxproj" on node 2 (Rebuild target(s)).
     1>ClCompile:
         C:\Program Files (x86)\Microsoft Visual Studio 12.0\VC\bin\CL.exe /c /ZI /nologo /W3 /WX- /sdl /Od /Oy- /D WIN32 /D _DEBUG /D _CONSOLE /D _LIB /D _UNICODE /D UNICODE /Gm /EHsc /RTC1 /MDd /GS /fp:precise /Zc:wchar_t /Zc:forScope /Fo"Debug\\" /Fd"Debug\vc120.pdb" /Gd /TP /analyze- /errorReport:prompt ..\bmp_io.cpp ..\light_source.cpp ..\raytracer.cpp ..\scene_object.cpp ..\util.cpp
         util.cpp
         scene_object.cpp
         raytracer.cpp
     1>c:\users\henry\desktop\raytracer\raytracer.cpp(31): warning C4018: '<' : signed/unsigned mismatch
     1>c:\users\henry\desktop\raytracer\raytracer.cpp(219): warning C4018: '<' : signed/unsigned mismatch
         light_source.cpp
         bmp_io.cpp
     1>c:\users\henry\desktop\raytracer\bmp_io.cpp(152): warning C4018: '<' : signed/unsigned mismatch
     1>c:\users\henry\desktop\raytracer\bmp_io.cpp(267): warning C4018: '<' : signed/unsigned mismatch
     1>c:\users\henry\desktop\raytracer\bmp_io.cpp(362): warning C4018: '<' : signed/unsigned mismatch
     1>c:\users\henry\desktop\raytracer\bmp_io.cpp(512): warning C4018: '<' : signed/unsigned mismatch
     1>c:\users\henry\desktop\raytracer\bmp_io.cpp(1236): warning C4018: '<' : signed/unsigned mismatch
     1>c:\users\henry\desktop\raytracer\bmp_io.cpp(1319): warning C4018: '<' : signed/unsigned mismatch
     1>c:\users\henry\desktop\raytracer\bmp_io.cpp(1443): warning C4018: '<' : signed/unsigned mismatch
     1>c:\users\henry\desktop\raytracer\bmp_io.cpp(2185): warning C4018: '<' : signed/unsigned mismatch
     1>c:\users\henry\desktop\raytracer\bmp_io.cpp(2446): warning C4018: '<' : signed/unsigned mismatch
         Generating Code...
       Link:
         C:\Program Files (x86)\Microsoft Visual Studio 12.0\VC\bin\link.exe /ERRORREPORT:PROMPT /OUT:"C:\Users\Henry\Desktop\RayTracer\Debug\RayTracer.exe" /INCREMENTAL /NOLOGO kernel32.lib user32.lib gdi32.lib winspool.lib comdlg32.lib advapi32.lib shell32.lib ole32.lib oleaut32.lib uuid.lib odbc32.lib odbccp32.lib /MANIFEST /MANIFESTUAC:"level='asInvoker' uiAccess='false'" /manifest:embed /DEBUG /PDB:"C:\Users\Henry\Desktop\RayTracer\Debug\RayTracer.pdb" /SUBSYSTEM:CONSOLE /TLBID:1 /DYNAMICBASE /NXCOMPAT /IMPLIB:"C:\Users\Henry\Desktop\RayTracer\Debug\RayTracer.lib" /MACHINE:X86 Debug\bmp_io.obj
         Debug\light_source.obj
         Debug\raytracer.obj
         Debug\scene_object.obj
         Debug\util.obj
         RayTracer.vcxproj -> C:\Users\Henry\Desktop\RayTracer\Debug\RayTracer.exe
     1>Done Building Project "C:\Users\Henry\Desktop\RayTracer\RayTracer\RayTracer.vcxproj" (Rebuild target(s)).

Build succeeded.

Time Elapsed 00:00:03.11
